<?xml version="1.0" encoding="UTF-8"?>
<!-- Generated by org.testng.reporters.JUnitXMLReporter -->
<testsuite hostname="DESKTOP-6EDLATT" ignored="0" name="Default test" tests="3" failures="0" timestamp="14 Jan 2019 03:27:39 GMT" time="27.212" errors="0">
  <testcase name="searchJob" time="7.821" classname="testcase.Dice"/>
  <testcase name="searchJob" time="4.837" classname="testcase.Dice"/>
  <testcase name="searchJob" time="5.125" classname="testcase.Dice"/>
</testsuite> <!-- Default test -->
