<?xml version="1.0" encoding="UTF-8"?>
<testng-results skipped="0" failed="0" ignored="0" total="3" passed="3">
  <reporter-output>
  </reporter-output>
  <suite name="Default suite" duration-ms="27212" started-at="2019-01-14T03:27:11Z" finished-at="2019-01-14T03:27:39Z">
    <groups>
    </groups>
    <test name="Default test" duration-ms="27212" started-at="2019-01-14T03:27:11Z" finished-at="2019-01-14T03:27:39Z">
      <class name="testcase.Dice">
        <test-method status="PASS" signature="openBrowser()[pri:0, instance:testcase.Dice@5c7fa833]" name="openBrowser" is-config="true" duration-ms="8577" started-at="2019-01-14T03:27:11Z" finished-at="2019-01-14T03:27:20Z">
          <reporter-output>
          </reporter-output>
        </test-method> <!-- openBrowser -->
        <test-method status="PASS" signature="searchJob(java.lang.String, java.lang.String)[pri:0, instance:testcase.Dice@5c7fa833]" name="searchJob" duration-ms="7821" started-at="2019-01-14T03:27:20Z" data-provider="getData" finished-at="2019-01-14T03:27:28Z">
          <params>
            <param index="0">
              <value>
                <![CDATA[java developer]]>
              </value>
            </param>
            <param index="1">
              <value>
                <![CDATA[va]]>
              </value>
            </param>
          </params>
          <reporter-output>
          </reporter-output>
        </test-method> <!-- searchJob -->
        <test-method status="PASS" signature="searchJob(java.lang.String, java.lang.String)[pri:0, instance:testcase.Dice@5c7fa833]" name="searchJob" duration-ms="4837" started-at="2019-01-14T03:27:28Z" data-provider="getData" finished-at="2019-01-14T03:27:33Z">
          <params>
            <param index="0">
              <value>
                <![CDATA[javascript developer]]>
              </value>
            </param>
            <param index="1">
              <value>
                <![CDATA[va]]>
              </value>
            </param>
          </params>
          <reporter-output>
          </reporter-output>
        </test-method> <!-- searchJob -->
        <test-method status="PASS" signature="searchJob(java.lang.String, java.lang.String)[pri:0, instance:testcase.Dice@5c7fa833]" name="searchJob" duration-ms="5125" started-at="2019-01-14T03:27:33Z" data-provider="getData" finished-at="2019-01-14T03:27:38Z">
          <params>
            <param index="0">
              <value>
                <![CDATA[ruby developer]]>
              </value>
            </param>
            <param index="1">
              <value>
                <![CDATA[va]]>
              </value>
            </param>
          </params>
          <reporter-output>
          </reporter-output>
        </test-method> <!-- searchJob -->
        <test-method status="PASS" signature="closeBrowser()[pri:0, instance:testcase.Dice@5c7fa833]" name="closeBrowser" is-config="true" duration-ms="817" started-at="2019-01-14T03:27:38Z" finished-at="2019-01-14T03:27:39Z">
          <reporter-output>
          </reporter-output>
        </test-method> <!-- closeBrowser -->
      </class> <!-- testcase.Dice -->
    </test> <!-- Default test -->
  </suite> <!-- Default suite -->
</testng-results>
